[INFO] Scanning for projects...
[INFO] 
[INFO] ----------------------< com.carbon:user-service >-----------------------
[INFO] Building user-service 0.0.1-SNAPSHOT
[INFO]   from pom.xml
[INFO] --------------------------------[ jar ]---------------------------------
[INFO] 
[INFO] --- clean:3.4.1:clean (default-clean) @ user-service ---
[INFO] Deleting C:\Users\vrund\OneDrive\Desktop\carbon_credit_main_work\carbon-credits-system\user-service\target
[INFO] 
[INFO] --- resources:3.3.1:resources (default-resources) @ user-service ---
[INFO] Copying 1 resource from src\main\resources to target\classes
[INFO] Copying 0 resource from src\main\resources to target\classes
[INFO] 
[INFO] --- compiler:3.13.0:compile (default-compile) @ user-service ---
[INFO] Recompiling the module because of changed source code.
[INFO] Compiling 12 source files with javac [debug parameters release 21] to target\classes
[INFO] -------------------------------------------------------------
[ERROR] COMPILATION ERROR : 
[INFO] -------------------------------------------------------------
[ERROR] /C:/Users/vrund/OneDrive/Desktop/carbon_credit_main_work/carbon-credits-system/user-service/src/main/java/com/carbon/user/controller/OrganizationController.java:[23,39] variable service not initialized in the default constructor
[ERROR] /C:/Users/vrund/OneDrive/Desktop/carbon_credit_main_work/carbon-credits-system/user-service/src/main/java/com/carbon/user/service/OrganizationService.java:[24,40] cannot find symbol
  symbol:   method getName()
  location: variable org of type com.carbon.user.model.Organization
[ERROR] /C:/Users/vrund/OneDrive/Desktop/carbon_credit_main_work/carbon-credits-system/user-service/src/main/java/com/carbon/user/service/OrganizationService.java:[26,53] cannot find symbol
  symbol:   method getName()
  location: variable org of type com.carbon.user.model.Organization
[ERROR] /C:/Users/vrund/OneDrive/Desktop/carbon_credit_main_work/carbon-credits-system/user-service/src/main/java/com/carbon/user/service/OrganizationService.java:[29,48] cannot find symbol
  symbol:   method getContactEmail()
  location: variable org of type com.carbon.user.model.Organization
[ERROR] /C:/Users/vrund/OneDrive/Desktop/carbon_credit_main_work/carbon-credits-system/user-service/src/main/java/com/carbon/user/service/OrganizationService.java:[31,54] cannot find symbol
  symbol:   method getContactEmail()
  location: variable org of type com.carbon.user.model.Organization
[ERROR] /C:/Users/vrund/OneDrive/Desktop/carbon_credit_main_work/carbon-credits-system/user-service/src/main/java/com/carbon/user/service/OrganizationService.java:[34,16] cannot find symbol
  symbol:   method getBalance()
  location: variable org of type com.carbon.user.model.Organization
[ERROR] /C:/Users/vrund/OneDrive/Desktop/carbon_credit_main_work/carbon-credits-system/user-service/src/main/java/com/carbon/user/service/OrganizationService.java:[35,16] cannot find symbol
  symbol:   method setBalance(java.math.BigDecimal)
  location: variable org of type com.carbon.user.model.Organization
[ERROR] /C:/Users/vrund/OneDrive/Desktop/carbon_credit_main_work/carbon-credits-system/user-service/src/main/java/com/carbon/user/service/OrganizationService.java:[38,9] cannot find symbol
  symbol:   variable log
  location: class com.carbon.user.service.OrganizationService
[ERROR] /C:/Users/vrund/OneDrive/Desktop/carbon_credit_main_work/carbon-credits-system/user-service/src/main/java/com/carbon/user/service/OrganizationService.java:[38,52] cannot find symbol
  symbol:   method getName()
  location: variable org of type com.carbon.user.model.Organization
[ERROR] /C:/Users/vrund/OneDrive/Desktop/carbon_credit_main_work/carbon-credits-system/user-service/src/main/java/com/carbon/user/service/OrganizationService.java:[47,16] cannot find symbol
  symbol:   method getBalance()
  location: variable org of type com.carbon.user.model.Organization
[ERROR] /C:/Users/vrund/OneDrive/Desktop/carbon_credit_main_work/carbon-credits-system/user-service/src/main/java/com/carbon/user/service/OrganizationService.java:[51,27] cannot find symbol
  symbol:   method getBalance()
  location: variable org of type com.carbon.user.model.Organization
[ERROR] /C:/Users/vrund/OneDrive/Desktop/carbon_credit_main_work/carbon-credits-system/user-service/src/main/java/com/carbon/user/service/OrganizationService.java:[57,27] cannot find symbol
  symbol:   method getBalance()
  location: variable org of type com.carbon.user.model.Organization
[ERROR] /C:/Users/vrund/OneDrive/Desktop/carbon_credit_main_work/carbon-credits-system/user-service/src/main/java/com/carbon/user/controller/UserController.java:[27,25] cannot find symbol
  symbol:   method builder()
  location: class com.carbon.user.model.User
[ERROR] /C:/Users/vrund/OneDrive/Desktop/carbon_credit_main_work/carbon-credits-system/user-service/src/main/java/com/carbon/user/controller/UserController.java:[28,31] cannot find symbol
  symbol:   method getEmail()
  location: variable request of type com.carbon.user.dto.RegisterUserRequest
[ERROR] /C:/Users/vrund/OneDrive/Desktop/carbon_credit_main_work/carbon-credits-system/user-service/src/main/java/com/carbon/user/controller/UserController.java:[29,30] cannot find symbol
  symbol:   method getName()
  location: variable request of type com.carbon.user.dto.RegisterUserRequest
[ERROR] /C:/Users/vrund/OneDrive/Desktop/carbon_credit_main_work/carbon-credits-system/user-service/src/main/java/com/carbon/user/controller/UserController.java:[30,33] cannot find symbol
  symbol:   method getPicture()
  location: variable request of type com.carbon.user.dto.RegisterUserRequest
[ERROR] /C:/Users/vrund/OneDrive/Desktop/carbon_credit_main_work/carbon-credits-system/user-service/src/main/java/com/carbon/user/controller/UserController.java:[31,34] cannot find symbol
  symbol:   method getPassword()
  location: variable request of type com.carbon.user.dto.RegisterUserRequest
[ERROR] /C:/Users/vrund/OneDrive/Desktop/carbon_credit_main_work/carbon-credits-system/user-service/src/main/java/com/carbon/user/controller/UserController.java:[51,24] cannot find symbol
  symbol:   method getRole()
  location: variable request of type com.carbon.user.dto.CompleteProfileRequest
[ERROR] /C:/Users/vrund/OneDrive/Desktop/carbon_credit_main_work/carbon-credits-system/user-service/src/main/java/com/carbon/user/controller/UserController.java:[52,24] cannot find symbol
  symbol:   method getOrganization()
  location: variable request of type com.carbon.user.dto.CompleteProfileRequest
[ERROR] /C:/Users/vrund/OneDrive/Desktop/carbon_credit_main_work/carbon-credits-system/user-service/src/main/java/com/carbon/user/service/UserService.java:[32,42] cannot find symbol
  symbol:   method getEmail()
  location: variable user of type com.carbon.user.model.User
[ERROR] /C:/Users/vrund/OneDrive/Desktop/carbon_credit_main_work/carbon-credits-system/user-service/src/main/java/com/carbon/user/service/UserService.java:[33,81] cannot find symbol
  symbol:   method getEmail()
  location: variable user of type com.carbon.user.model.User
[ERROR] /C:/Users/vrund/OneDrive/Desktop/carbon_credit_main_work/carbon-credits-system/user-service/src/main/java/com/carbon/user/service/UserService.java:[36,46] cannot find symbol
  symbol:   method getEmail()
  location: variable user of type com.carbon.user.model.User
[ERROR] /C:/Users/vrund/OneDrive/Desktop/carbon_credit_main_work/carbon-credits-system/user-service/src/main/java/com/carbon/user/service/UserService.java:[49,13] cannot find symbol
  symbol:   method setRole(java.lang.String)
  location: variable user of type com.carbon.user.model.User
[ERROR] /C:/Users/vrund/OneDrive/Desktop/carbon_credit_main_work/carbon-credits-system/user-service/src/main/java/com/carbon/user/service/UserService.java:[50,13] cannot find symbol
  symbol:   method setProfileComplete(boolean)
  location: variable user of type com.carbon.user.model.User
[ERROR] /C:/Users/vrund/OneDrive/Desktop/carbon_credit_main_work/carbon-credits-system/user-service/src/main/java/com/carbon/user/service/UserService.java:[58,53] cannot find symbol
  symbol:   method builder()
  location: class com.carbon.user.model.Organization
[ERROR] /C:/Users/vrund/OneDrive/Desktop/carbon_credit_main_work/carbon-credits-system/user-service/src/main/java/com/carbon/user/service/UserService.java:[59,37] cannot find symbol
  symbol:   method getName()
  location: variable orgRequest of type com.carbon.user.dto.OrganizationRequest
[ERROR] /C:/Users/vrund/OneDrive/Desktop/carbon_credit_main_work/carbon-credits-system/user-service/src/main/java/com/carbon/user/service/UserService.java:[60,37] cannot find symbol
  symbol:   method getType()
  location: variable orgRequest of type com.carbon.user.dto.OrganizationRequest
[ERROR] /C:/Users/vrund/OneDrive/Desktop/carbon_credit_main_work/carbon-credits-system/user-service/src/main/java/com/carbon/user/service/UserService.java:[61,40] cannot find symbol
  symbol:   method getAddress()
  location: variable orgRequest of type com.carbon.user.dto.OrganizationRequest
[ERROR] /C:/Users/vrund/OneDrive/Desktop/carbon_credit_main_work/carbon-credits-system/user-service/src/main/java/com/carbon/user/service/UserService.java:[62,45] cannot find symbol
  symbol:   method getContactEmail()
  location: variable orgRequest of type com.carbon.user.dto.OrganizationRequest
[ERROR] /C:/Users/vrund/OneDrive/Desktop/carbon_credit_main_work/carbon-credits-system/user-service/src/main/java/com/carbon/user/service/UserService.java:[68,48] cannot find symbol
  symbol:   method getId()
  location: variable organization of type com.carbon.user.model.Organization
[ERROR] /C:/Users/vrund/OneDrive/Desktop/carbon_credit_main_work/carbon-credits-system/user-service/src/main/java/com/carbon/user/service/UserService.java:[71,33] cannot find symbol
  symbol:   method getId()
  location: variable organization of type com.carbon.user.model.Organization
[ERROR] /C:/Users/vrund/OneDrive/Desktop/carbon_credit_main_work/carbon-credits-system/user-service/src/main/java/com/carbon/user/service/UserService.java:[95,40] cannot find symbol
  symbol:   method builder()
  location: class com.carbon.user.model.User
[INFO] 32 errors 
[INFO] -------------------------------------------------------------
[INFO] ------------------------------------------------------------------------
[INFO] BUILD FAILURE
[INFO] ------------------------------------------------------------------------
[INFO] Total time:  7.158 s
[INFO] Finished at: 2026-02-21T21:56:43+05:30
[INFO] ------------------------------------------------------------------------
[ERROR] Failed to execute goal org.apache.maven.plugins:maven-compiler-plugin:3.13.0:compile (default-compile) on project user-service: Compilation failure: Compilation failure: 
[ERROR] /C:/Users/vrund/OneDrive/Desktop/carbon_credit_main_work/carbon-credits-system/user-service/src/main/java/com/carbon/user/controller/OrganizationController.java:[23,39] variable service not initialized in the default constructor
[ERROR] /C:/Users/vrund/OneDrive/Desktop/carbon_credit_main_work/carbon-credits-system/user-service/src/main/java/com/carbon/user/service/OrganizationService.java:[24,40] cannot find symbol
[ERROR]   symbol:   method getName()
[ERROR]   location: variable org of type com.carbon.user.model.Organization
[ERROR] /C:/Users/vrund/OneDrive/Desktop/carbon_credit_main_work/carbon-credits-system/user-service/src/main/java/com/carbon/user/service/OrganizationService.java:[26,53] cannot find symbol
[ERROR]   symbol:   method getName()
[ERROR]   location: variable org of type com.carbon.user.model.Organization
[ERROR] /C:/Users/vrund/OneDrive/Desktop/carbon_credit_main_work/carbon-credits-system/user-service/src/main/java/com/carbon/user/service/OrganizationService.java:[29,48] cannot find symbol
[ERROR]   symbol:   method getContactEmail()
[ERROR]   location: variable org of type com.carbon.user.model.Organization
[ERROR] /C:/Users/vrund/OneDrive/Desktop/carbon_credit_main_work/carbon-credits-system/user-service/src/main/java/com/carbon/user/service/OrganizationService.java:[31,54] cannot find symbol
[ERROR]   symbol:   method getContactEmail()
[ERROR]   location: variable org of type com.carbon.user.model.Organization
[ERROR] /C:/Users/vrund/OneDrive/Desktop/carbon_credit_main_work/carbon-credits-system/user-service/src/main/java/com/carbon/user/service/OrganizationService.java:[34,16] cannot find symbol
[ERROR]   symbol:   method getBalance()
[ERROR]   location: variable org of type com.carbon.user.model.Organization
[ERROR] /C:/Users/vrund/OneDrive/Desktop/carbon_credit_main_work/carbon-credits-system/user-service/src/main/java/com/carbon/user/service/OrganizationService.java:[35,16] cannot find symbol
[ERROR]   symbol:   method setBalance(java.math.BigDecimal)
[ERROR]   location: variable org of type com.carbon.user.model.Organization
[ERROR] /C:/Users/vrund/OneDrive/Desktop/carbon_credit_main_work/carbon-credits-system/user-service/src/main/java/com/carbon/user/service/OrganizationService.java:[38,9] cannot find symbol
[ERROR]   symbol:   variable log
[ERROR]   location: class com.carbon.user.service.OrganizationService
[ERROR] /C:/Users/vrund/OneDrive/Desktop/carbon_credit_main_work/carbon-credits-system/user-service/src/main/java/com/carbon/user/service/OrganizationService.java:[38,52] cannot find symbol
[ERROR]   symbol:   method getName()
[ERROR]   location: variable org of type com.carbon.user.model.Organization
[ERROR] /C:/Users/vrund/OneDrive/Desktop/carbon_credit_main_work/carbon-credits-system/user-service/src/main/java/com/carbon/user/service/OrganizationService.java:[47,16] cannot find symbol
[ERROR]   symbol:   method getBalance()
[ERROR]   location: variable org of type com.carbon.user.model.Organization
[ERROR] /C:/Users/vrund/OneDrive/Desktop/carbon_credit_main_work/carbon-credits-system/user-service/src/main/java/com/carbon/user/service/OrganizationService.java:[51,27] cannot find symbol
[ERROR]   symbol:   method getBalance()
[ERROR]   location: variable org of type com.carbon.user.model.Organization
[ERROR] /C:/Users/vrund/OneDrive/Desktop/carbon_credit_main_work/carbon-credits-system/user-service/src/main/java/com/carbon/user/service/OrganizationService.java:[57,27] cannot find symbol
[ERROR]   symbol:   method getBalance()
[ERROR]   location: variable org of type com.carbon.user.model.Organization
[ERROR] /C:/Users/vrund/OneDrive/Desktop/carbon_credit_main_work/carbon-credits-system/user-service/src/main/java/com/carbon/user/controller/UserController.java:[27,25] cannot find symbol
[ERROR]   symbol:   method builder()
[ERROR]   location: class com.carbon.user.model.User
[ERROR] /C:/Users/vrund/OneDrive/Desktop/carbon_credit_main_work/carbon-credits-system/user-service/src/main/java/com/carbon/user/controller/UserController.java:[28,31] cannot find symbol
[ERROR]   symbol:   method getEmail()
[ERROR]   location: variable request of type com.carbon.user.dto.RegisterUserRequest
[ERROR] /C:/Users/vrund/OneDrive/Desktop/carbon_credit_main_work/carbon-credits-system/user-service/src/main/java/com/carbon/user/controller/UserController.java:[29,30] cannot find symbol
[ERROR]   symbol:   method getName()
[ERROR]   location: variable request of type com.carbon.user.dto.RegisterUserRequest
[ERROR] /C:/Users/vrund/OneDrive/Desktop/carbon_credit_main_work/carbon-credits-system/user-service/src/main/java/com/carbon/user/controller/UserController.java:[30,33] cannot find symbol
[ERROR]   symbol:   method getPicture()
[ERROR]   location: variable request of type com.carbon.user.dto.RegisterUserRequest
[ERROR] /C:/Users/vrund/OneDrive/Desktop/carbon_credit_main_work/carbon-credits-system/user-service/src/main/java/com/carbon/user/controller/UserController.java:[31,34] cannot find symbol
[ERROR]   symbol:   method getPassword()
[ERROR]   location: variable request of type com.carbon.user.dto.RegisterUserRequest
[ERROR] /C:/Users/vrund/OneDrive/Desktop/carbon_credit_main_work/carbon-credits-system/user-service/src/main/java/com/carbon/user/controller/UserController.java:[51,24] cannot find symbol
[ERROR]   symbol:   method getRole()
[ERROR]   location: variable request of type com.carbon.user.dto.CompleteProfileRequest
[ERROR] /C:/Users/vrund/OneDrive/Desktop/carbon_credit_main_work/carbon-credits-system/user-service/src/main/java/com/carbon/user/controller/UserController.java:[52,24] cannot find symbol
[ERROR]   symbol:   method getOrganization()
[ERROR]   location: variable request of type com.carbon.user.dto.CompleteProfileRequest
[ERROR] /C:/Users/vrund/OneDrive/Desktop/carbon_credit_main_work/carbon-credits-system/user-service/src/main/java/com/carbon/user/service/UserService.java:[32,42] cannot find symbol
[ERROR]   symbol:   method getEmail()
[ERROR]   location: variable user of type com.carbon.user.model.User
[ERROR] /C:/Users/vrund/OneDrive/Desktop/carbon_credit_main_work/carbon-credits-system/user-service/src/main/java/com/carbon/user/service/UserService.java:[33,81] cannot find symbol
[ERROR]   symbol:   method getEmail()
[ERROR]   location: variable user of type com.carbon.user.model.User
[ERROR] /C:/Users/vrund/OneDrive/Desktop/carbon_credit_main_work/carbon-credits-system/user-service/src/main/java/com/carbon/user/service/UserService.java:[36,46] cannot find symbol
[ERROR]   symbol:   method getEmail()
[ERROR]   location: variable user of type com.carbon.user.model.User
[ERROR] /C:/Users/vrund/OneDrive/Desktop/carbon_credit_main_work/carbon-credits-system/user-service/src/main/java/com/carbon/user/service/UserService.java:[49,13] cannot find symbol
[ERROR]   symbol:   method setRole(java.lang.String)
[ERROR]   location: variable user of type com.carbon.user.model.User
[ERROR] /C:/Users/vrund/OneDrive/Desktop/carbon_credit_main_work/carbon-credits-system/user-service/src/main/java/com/carbon/user/service/UserService.java:[50,13] cannot find symbol
[ERROR]   symbol:   method setProfileComplete(boolean)
[ERROR]   location: variable user of type com.carbon.user.model.User
[ERROR] /C:/Users/vrund/OneDrive/Desktop/carbon_credit_main_work/carbon-credits-system/user-service/src/main/java/com/carbon/user/service/UserService.java:[58,53] cannot find symbol
[ERROR]   symbol:   method builder()
[ERROR]   location: class com.carbon.user.model.Organization
[ERROR] /C:/Users/vrund/OneDrive/Desktop/carbon_credit_main_work/carbon-credits-system/user-service/src/main/java/com/carbon/user/service/UserService.java:[59,37] cannot find symbol
[ERROR]   symbol:   method getName()
[ERROR]   location: variable orgRequest of type com.carbon.user.dto.OrganizationRequest
[ERROR] /C:/Users/vrund/OneDrive/Desktop/carbon_credit_main_work/carbon-credits-system/user-service/src/main/java/com/carbon/user/service/UserService.java:[60,37] cannot find symbol
[ERROR]   symbol:   method getType()
[ERROR]   location: variable orgRequest of type com.carbon.user.dto.OrganizationRequest
[ERROR] /C:/Users/vrund/OneDrive/Desktop/carbon_credit_main_work/carbon-credits-system/user-service/src/main/java/com/carbon/user/service/UserService.java:[61,40] cannot find symbol
[ERROR]   symbol:   method getAddress()
[ERROR]   location: variable orgRequest of type com.carbon.user.dto.OrganizationRequest
[ERROR] /C:/Users/vrund/OneDrive/Desktop/carbon_credit_main_work/carbon-credits-system/user-service/src/main/java/com/carbon/user/service/UserService.java:[62,45] cannot find symbol
[ERROR]   symbol:   method getContactEmail()
[ERROR]   location: variable orgRequest of type com.carbon.user.dto.OrganizationRequest
[ERROR] /C:/Users/vrund/OneDrive/Desktop/carbon_credit_main_work/carbon-credits-system/user-service/src/main/java/com/carbon/user/service/UserService.java:[68,48] cannot find symbol
[ERROR]   symbol:   method getId()
[ERROR]   location: variable organization of type com.carbon.user.model.Organization
[ERROR] /C:/Users/vrund/OneDrive/Desktop/carbon_credit_main_work/carbon-credits-system/user-service/src/main/java/com/carbon/user/service/UserService.java:[71,33] cannot find symbol
[ERROR]   symbol:   method getId()
[ERROR]   location: variable organization of type com.carbon.user.model.Organization
[ERROR] /C:/Users/vrund/OneDrive/Desktop/carbon_credit_main_work/carbon-credits-system/user-service/src/main/java/com/carbon/user/service/UserService.java:[95,40] cannot find symbol
[ERROR]   symbol:   method builder()
[ERROR]   location: class com.carbon.user.model.User
[ERROR] -> [Help 1]
[ERROR] 
[ERROR] To see the full stack trace of the errors, re-run Maven with the -e switch.
[ERROR] Re-run Maven using the -X switch to enable full debug logging.
[ERROR] 
[ERROR] For more information about the errors and possible solutions, please read the following articles:
[ERROR] [Help 1] http://cwiki.apache.org/confluence/display/MAVEN/MojoFailureException
